<?xml version="1.0" encoding="UTF-8"?>
<!-- Generated by org.testng.reporters.JUnitReportReporter -->
<testsuite hostname="anish-Latitude-3510" failures="0" tests="1" name="TestAssured_BDD_Style.FromExternalFile" time="2.378" errors="0" timestamp="2023-11-04T17:30:41 IST" skipped="0">
  <testcase classname="TestAssured_BDD_Style.FromExternalFile" name="CreateUser" time="2.378"/>
</testsuite> <!-- TestAssured_BDD_Style.FromExternalFile -->
