<?xml version="1.0" encoding="UTF-8"?>
<!-- Generated by org.testng.reporters.JUnitReportReporter -->
<testsuite hostname="anish-Latitude-3510" failures="0" tests="1" name="RestAssured_BDD_Style.serialization" time="2.773" errors="0" timestamp="2023-11-05T09:33:49 IST" skipped="0">
  <testcase classname="RestAssured_BDD_Style.serialization" name="serialization" time="2.773"/>
</testsuite> <!-- RestAssured_BDD_Style.serialization -->
