<?xml version="1.0" encoding="UTF-8"?>
<!-- Generated by org.testng.reporters.JUnitReportReporter -->
<testsuite hostname="anish-Latitude-3510" failures="0" tests="1" name="com.RestAssured.Non_BDD.MethodChaining" time="0.009" errors="0" timestamp="2023-11-18T04:56:16 IST" skipped="0">
  <testcase classname="com.RestAssured.Non_BDD.MethodChaining" name="outputLine" time="0.009"/>
</testsuite> <!-- com.RestAssured.Non_BDD.MethodChaining -->
