<?xml version="1.0" encoding="UTF-8"?>
<!-- Generated by org.testng.reporters.JUnitReportReporter -->
<testsuite hostname="anish-Latitude-3510" failures="0" tests="1" name="com.RestAssured.Non_BDD.GetAllEmployees" time="2.924" errors="0" timestamp="2023-11-04T04:20:03 IST" skipped="0">
  <testcase classname="com.RestAssured.Non_BDD.GetAllEmployees" name="GetAllEmployess" time="2.924"/>
</testsuite> <!-- com.RestAssured.Non_BDD.GetAllEmployees -->
