<?xml version="1.0" encoding="UTF-8"?>
<!-- Generated by org.testng.reporters.JUnitReportReporter -->
<testsuite hostname="anish-Latitude-3510" failures="0" tests="1" name="json_Schema_Validation.HamcrestMatcher" time="0.367" errors="1" timestamp="2023-11-08T20:47:07 IST" skipped="0">
  <testcase classname="json_Schema_Validation.HamcrestMatcher" name="HamcrestMatcher" time="0.367">
    <error message="com.github.fge.jsonschema.core.exceptions.InvalidSchemaException: fatal: invalid JSON Schema, cannot continue
Syntax errors:
[ {
  &quot;level&quot; : &quot;warning&quot;,
  &quot;schema&quot; : {
    &quot;loadingURI&quot; : &quot;#&quot;,
    &quot;pointer&quot; : &quot;&quot;
  },
  &quot;domain&quot; : &quot;syntax&quot;,
  &quot;message&quot; : &quot;the following keywords are unknown and will be ignored: [$id]&quot;,
  &quot;ignored&quot; : [ &quot;$id&quot; ]
}, {
  &quot;level&quot; : &quot;error&quot;,
  &quot;schema&quot; : {
    &quot;loadingURI&quot; : &quot;#&quot;,
    &quot;pointer&quot; : &quot;/properties/description&quot;
  },
  &quot;domain&quot; : &quot;syntax&quot;,
  &quot;message&quot; : &quot;JSON value is of type string, not a JSON Schema (expected an object)&quot;,
  &quot;found&quot; : &quot;string&quot;
}, {
  &quot;level&quot; : &quot;error&quot;,
  &quot;schema&quot; : {
    &quot;loadingURI&quot; : &quot;#&quot;,
    &quot;pointer&quot; : &quot;/properties/minimum&quot;
  },
  &quot;domain&quot; : &quot;syntax&quot;,
  &quot;message&quot; : &quot;JSON value is of type integer, not a JSON Schema (expected an object)&quot;,
  &quot;found&quot; : &quot;integer&quot;
}, {
  &quot;level&quot; : &quot;error&quot;,
  &quot;schema&quot; : {
    &quot;loadingURI&quot; : &quot;#&quot;,
    &quot;pointer&quot; : &quot;/properties/type&quot;
  },
  &quot;domain&quot; : &quot;syntax&quot;,
  &quot;message&quot; : &quot;JSON value is of type string, not a JSON Schema (expected an object)&quot;,
  &quot;found&quot; : &quot;string&quot;
} ]
    level: &quot;fatal&quot;
" type="io.restassured.module.jsv.JsonSchemaValidationException">
      <![CDATA[io.restassured.module.jsv.JsonSchemaValidationException: com.github.fge.jsonschema.core.exceptions.InvalidSchemaException: fatal: invalid JSON Schema, cannot continue
Syntax errors:
[ {
  "level" : "warning",
  "schema" : {
    "loadingURI" : "#",
    "pointer" : ""
  },
  "domain" : "syntax",
  "message" : "the following keywords are unknown and will be ignored: [$id]",
  "ignored" : [ "$id" ]
}, {
  "level" : "error",
  "schema" : {
    "loadingURI" : "#",
    "pointer" : "/properties/description"
  },
  "domain" : "syntax",
  "message" : "JSON value is of type string, not a JSON Schema (expected an object)",
  "found" : "string"
}, {
  "level" : "error",
  "schema" : {
    "loadingURI" : "#",
    "pointer" : "/properties/minimum"
  },
  "domain" : "syntax",
  "message" : "JSON value is of type integer, not a JSON Schema (expected an object)",
  "found" : "integer"
}, {
  "level" : "error",
  "schema" : {
    "loadingURI" : "#",
    "pointer" : "/properties/type"
  },
  "domain" : "syntax",
  "message" : "JSON value is of type string, not a JSON Schema (expected an object)",
  "found" : "string"
} ]
    level: "fatal"

at io.restassured.module.jsv.JsonSchemaValidator.matchesSafely(JsonSchemaValidator.java:233)
at io.restassured.module.jsv.JsonSchemaValidator.matchesSafely(JsonSchemaValidator.java:75)
at org.hamcrest.TypeSafeMatcher.matches(TypeSafeMatcher.java:67)
at org.hamcrest.MatcherAssert.assertThat(MatcherAssert.java:10)
at org.hamcrest.MatcherAssert.assertThat(MatcherAssert.java:6)
at json_Schema_Validation.HamcrestMatcher.HamcrestMatcher(HamcrestMatcher.java:31)
at java.base/jdk.internal.reflect.NativeMethodAccessorImpl.invoke0(Native Method)
at java.base/jdk.internal.reflect.NativeMethodAccessorImpl.invoke(NativeMethodAccessorImpl.java:77)
at java.base/jdk.internal.reflect.DelegatingMethodAccessorImpl.invoke(DelegatingMethodAccessorImpl.java:43)
at java.base/java.lang.reflect.Method.invoke(Method.java:568)
at org.testng.internal.invokers.MethodInvocationHelper.invokeMethod(MethodInvocationHelper.java:139)
at org.testng.internal.invokers.TestInvoker.invokeMethod(TestInvoker.java:664)
at org.testng.internal.invokers.TestInvoker.invokeTestMethod(TestInvoker.java:227)
at org.testng.internal.invokers.MethodRunner.runInSequence(MethodRunner.java:50)
at org.testng.internal.invokers.TestInvoker$MethodInvocationAgent.invoke(TestInvoker.java:957)
at org.testng.internal.invokers.TestInvoker.invokeTestMethods(TestInvoker.java:200)
at org.testng.internal.invokers.TestMethodWorker.invokeTestMethods(TestMethodWorker.java:148)
at org.testng.internal.invokers.TestMethodWorker.run(TestMethodWorker.java:128)
at java.base/java.util.ArrayList.forEach(ArrayList.java:1511)
at org.testng.TestRunner.privateRun(TestRunner.java:848)
at org.testng.TestRunner.run(TestRunner.java:621)
at org.testng.SuiteRunner.runTest(SuiteRunner.java:443)
at org.testng.SuiteRunner.runSequentially(SuiteRunner.java:437)
at org.testng.SuiteRunner.privateRun(SuiteRunner.java:397)
at org.testng.SuiteRunner.run(SuiteRunner.java:336)
at org.testng.SuiteRunnerWorker.runSuite(SuiteRunnerWorker.java:52)
at org.testng.SuiteRunnerWorker.run(SuiteRunnerWorker.java:95)
at org.testng.TestNG.runSuitesSequentially(TestNG.java:1280)
at org.testng.TestNG.runSuitesLocally(TestNG.java:1200)
at org.testng.TestNG.runSuites(TestNG.java:1114)
at org.testng.TestNG.run(TestNG.java:1082)
at org.testng.remote.AbstractRemoteTestNG.run(AbstractRemoteTestNG.java:115)
at org.testng.remote.RemoteTestNG.initAndRun(RemoteTestNG.java:251)
at org.testng.remote.RemoteTestNG.main(RemoteTestNG.java:77)
Caused by: com.github.fge.jsonschema.core.exceptions.InvalidSchemaException: fatal: invalid JSON Schema, cannot continue
Syntax errors:
[ {
  "level" : "warning",
  "schema" : {
    "loadingURI" : "#",
    "pointer" : ""
  },
  "domain" : "syntax",
  "message" : "the following keywords are unknown and will be ignored: [$id]",
  "ignored" : [ "$id" ]
}, {
  "level" : "error",
  "schema" : {
    "loadingURI" : "#",
    "pointer" : "/properties/description"
  },
  "domain" : "syntax",
  "message" : "JSON value is of type string, not a JSON Schema (expected an object)",
  "found" : "string"
}, {
  "level" : "error",
  "schema" : {
    "loadingURI" : "#",
    "pointer" : "/properties/minimum"
  },
  "domain" : "syntax",
  "message" : "JSON value is of type integer, not a JSON Schema (expected an object)",
  "found" : "integer"
}, {
  "level" : "error",
  "schema" : {
    "loadingURI" : "#",
    "pointer" : "/properties/type"
  },
  "domain" : "syntax",
  "message" : "JSON value is of type string, not a JSON Schema (expected an object)",
  "found" : "string"
} ]
    level: "fatal"

at com.github.fge.jsonschema.processors.validation.InstanceValidator.process(InstanceValidator.java:114)
at com.github.fge.jsonschema.processors.validation.ValidationProcessor.process(ValidationProcessor.java:56)
at com.github.fge.jsonschema.processors.validation.ValidationProcessor.process(ValidationProcessor.java:34)
at com.github.fge.jsonschema.core.processing.ProcessingResult.of(ProcessingResult.java:79)
at com.github.fge.jsonschema.main.JsonSchemaImpl.doValidate(JsonSchemaImpl.java:77)
at com.github.fge.jsonschema.main.JsonSchemaImpl.validate(JsonSchemaImpl.java:100)
at com.github.fge.jsonschema.main.JsonSchemaImpl.validate(JsonSchemaImpl.java:110)
at io.restassured.module.jsv.JsonSchemaValidator.matchesSafely(JsonSchemaValidator.java:227)
... 33 more
]]>
    </error>
  </testcase> <!-- HamcrestMatcher -->
</testsuite> <!-- json_Schema_Validation.HamcrestMatcher -->
