<?xml version="1.0" encoding="UTF-8"?>
<!-- Generated by org.testng.reporters.JUnitReportReporter -->
<testsuite hostname="anish-Latitude-3510" failures="0" tests="1" name="RestAssured_BDD_Style.GetAllUsers" time="2.232" errors="0" timestamp="2023-11-10T15:52:24 IST" skipped="0">
  <testcase classname="RestAssured_BDD_Style.GetAllUsers" name="GetAllUsers" time="2.232"/>
</testsuite> <!-- RestAssured_BDD_Style.GetAllUsers -->
