<?xml version="1.0" encoding="UTF-8"?>
<!-- Generated by org.testng.reporters.JUnitReportReporter -->
<testsuite hostname="anish-Latitude-3510" failures="0" tests="1" name="com.RestAssured.Non_BDD.PutEmployee" time="2.610" errors="0" timestamp="2023-11-04T05:15:59 IST" skipped="0">
  <testcase classname="com.RestAssured.Non_BDD.PutEmployee" name="PutEmployee" time="2.610"/>
</testsuite> <!-- com.RestAssured.Non_BDD.PutEmployee -->
