<?xml version="1.0" encoding="UTF-8"?>
<!-- Generated by org.testng.reporters.JUnitReportReporter -->
<testsuite hostname="anish-Latitude-3510" failures="0" tests="1" name="TestAssured_BDD_Style.CreateUser" time="3.393" errors="0" timestamp="2023-11-04T17:12:16 IST" skipped="0">
  <testcase classname="TestAssured_BDD_Style.CreateUser" name="CreateUser" time="3.393"/>
</testsuite> <!-- TestAssured_BDD_Style.CreateUser -->
