<?xml version="1.0" encoding="UTF-8"?>
<!-- Generated by org.testng.reporters.JUnitReportReporter -->
<testsuite hostname="anish-Latitude-3510" failures="0" tests="1" name="com.RestAssured.Non_BDD.CreateEmployee_Post" time="2.315" errors="0" timestamp="2023-11-04T04:49:41 IST" skipped="0">
  <testcase classname="com.RestAssured.Non_BDD.CreateEmployee_Post" name="CreateEmployee" time="2.315"/>
</testsuite> <!-- com.RestAssured.Non_BDD.CreateEmployee_Post -->
