<?xml version="1.0" encoding="UTF-8"?>
<!-- Generated by org.testng.reporters.JUnitReportReporter -->
<testsuite hostname="anish-Latitude-3510" failures="0" tests="1" name="TestAssured_BDD_Style.GetAllUsers" time="2.003" errors="0" timestamp="2023-11-04T16:53:53 IST" skipped="0">
  <testcase classname="TestAssured_BDD_Style.GetAllUsers" name="GetAllUsers" time="2.003"/>
</testsuite> <!-- TestAssured_BDD_Style.GetAllUsers -->
