<?xml version="1.0" encoding="UTF-8"?>
<!-- Generated by org.testng.reporters.JUnitReportReporter -->
<testsuite hostname="anish-Latitude-3510" failures="0" tests="1" name="com.RestAssured.Non_BDD.DeleteEmployee" time="2.296" errors="0" timestamp="2023-11-04T05:31:27 IST" skipped="0">
  <testcase classname="com.RestAssured.Non_BDD.DeleteEmployee" name="DeleteEmployee" time="2.296"/>
</testsuite> <!-- com.RestAssured.Non_BDD.DeleteEmployee -->
