<?xml version="1.0" encoding="UTF-8"?>
<!-- Generated by org.testng.reporters.JUnitReportReporter -->
<testsuite hostname="anish-Latitude-3510" failures="0" tests="1" name="json_Schema_Validation.netWorkNTSchemaValidator" time="0.277" errors="0" timestamp="2023-11-13T06:26:45 IST" skipped="0">
  <testcase classname="json_Schema_Validation.netWorkNTSchemaValidator" name="validateJsonSchema" time="0.277"/>
</testsuite> <!-- json_Schema_Validation.netWorkNTSchemaValidator -->
